{
  "RSpec": {
    "coverage": {
      "/home/jkostet/KOODIS/WEPA/rordaw/app/models/rating.rb": [
        1,
        1,
        1,
        null,
        1,
        null,
        null,
        null,
        1,
        null,
        1,
        0,
        null,
        null,
        1,
        0,
        null,
        null,
        null,
        null
      ],
      "/home/jkostet/KOODIS/WEPA/rordaw/app/helpers/application_helper.rb": [
        1,
        null,
        1,
        0,
        0,
        0,
        0,
        null,
        0,
        null,
        null,
        null,
        null,
        1,
        0,
        null,
        null,
        null
      ],
      "/home/jkostet/KOODIS/WEPA/rordaw/app/helpers/beer_clubs_helper.rb": [
        1,
        null
      ],
      "/home/jkostet/KOODIS/WEPA/rordaw/app/helpers/beers_helper.rb": [
        1,
        null
      ],
      "/home/jkostet/KOODIS/WEPA/rordaw/app/helpers/breweries_helper.rb": [
        1,
        null
      ],
      "/home/jkostet/KOODIS/WEPA/rordaw/app/helpers/memberships_helper.rb": [
        1,
        null
      ],
      "/home/jkostet/KOODIS/WEPA/rordaw/app/helpers/styles_helper.rb": [
        1,
        null
      ],
      "/home/jkostet/KOODIS/WEPA/rordaw/app/helpers/users_helper.rb": [
        1,
        null
      ],
      "/home/jkostet/KOODIS/WEPA/rordaw/app/models/brewery.rb": [
        1,
        1,
        null,
        1,
        4,
        null,
        1,
        1,
        null,
        1,
        1,
        null,
        1,
        0,
        null,
        null,
        null,
        null
      ],
      "/home/jkostet/KOODIS/WEPA/rordaw/app/models/concerns/rating_average.rb": [
        1,
        1,
        null,
        1,
        0,
        null,
        null
      ],
      "/home/jkostet/KOODIS/WEPA/rordaw/app/models/style.rb": [
        1,
        1,
        1,
        null,
        1,
        0,
        0,
        null,
        null,
        1,
        0,
        null,
        null,
        null
      ],
      "/home/jkostet/KOODIS/WEPA/rordaw/app/models/beer.rb": [
        1,
        1,
        null,
        1,
        1,
        1,
        1,
        null,
        null,
        1,
        1,
        null,
        1,
        0,
        null,
        null,
        1,
        0,
        0,
        null,
        null
      ],
      "/home/jkostet/KOODIS/WEPA/rordaw/app/controllers/beers_controller.rb": [
        1,
        1,
        1,
        1,
        null,
        null,
        null,
        null,
        1,
        1,
        null,
        1,
        null,
        1,
        null,
        4,
        null,
        0,
        null,
        0,
        null,
        null,
        null,
        1,
        null,
        null,
        null,
        1,
        null,
        null,
        null,
        null,
        null,
        1,
        0,
        0,
        null,
        null,
        null,
        1,
        0,
        0,
        null,
        null,
        null,
        1,
        0,
        null,
        null,
        null,
        null,
        1,
        0,
        null,
        0,
        0,
        0,
        0,
        null,
        0,
        0,
        null,
        null,
        null,
        null,
        null,
        null,
        1,
        0,
        0,
        0,
        0,
        null,
        0,
        0,
        null,
        null,
        null,
        null,
        null,
        null,
        1,
        0,
        0,
        0,
        0,
        null,
        null,
        null,
        1,
        1,
        0,
        null,
        null,
        null,
        1,
        0,
        null,
        null,
        null,
        1,
        0,
        null,
        null
      ],
      "/home/jkostet/KOODIS/WEPA/rordaw/app/controllers/application_controller.rb": [
        1,
        null,
        null,
        1,
        null,
        1,
        null,
        1,
        1,
        0,
        null,
        null,
        1,
        0,
        null,
        null
      ]
    },
    "timestamp": 1425320914
  }
}
